{"/Users/pk/Source/frontend-project-46/src/index.js": {"path":"/Users/pk/Source/frontend-project-46/src/index.js","all":false,"statementMap":{"0":{"start":{"line":1,"column":0},"end":{"line":1,"column":23}},"1":{"start":{"line":2,"column":0},"end":{"line":2,"column":40}},"2":{"start":{"line":3,"column":0},"end":{"line":3,"column":47}},"3":{"start":{"line":4,"column":0},"end":{"line":4,"column":0}},"4":{"start":{"line":5,"column":0},"end":{"line":5,"column":58}},"5":{"start":{"line":6,"column":0},"end":{"line":6,"column":41}},"6":{"start":{"line":7,"column":0},"end":{"line":7,"column":41}},"7":{"start":{"line":8,"column":0},"end":{"line":8,"column":0}},"8":{"start":{"line":9,"column":0},"end":{"line":9,"column":37}},"9":{"start":{"line":10,"column":0},"end":{"line":10,"column":37}},"10":{"start":{"line":11,"column":0},"end":{"line":11,"column":37}},"11":{"start":{"line":12,"column":0},"end":{"line":12,"column":39}},"12":{"start":{"line":13,"column":0},"end":{"line":13,"column":0}},"13":{"start":{"line":14,"column":0},"end":{"line":14,"column":40}},"14":{"start":{"line":15,"column":0},"end":{"line":15,"column":39}},"15":{"start":{"line":16,"column":0},"end":{"line":16,"column":65}},"16":{"start":{"line":17,"column":0},"end":{"line":17,"column":41}},"17":{"start":{"line":18,"column":0},"end":{"line":18,"column":67}},"18":{"start":{"line":19,"column":0},"end":{"line":19,"column":92}},"19":{"start":{"line":20,"column":0},"end":{"line":20,"column":102}},"20":{"start":{"line":21,"column":0},"end":{"line":21,"column":40}},"21":{"start":{"line":22,"column":0},"end":{"line":22,"column":88}},"22":{"start":{"line":23,"column":0},"end":{"line":23,"column":7}},"23":{"start":{"line":24,"column":0},"end":{"line":24,"column":67}},"24":{"start":{"line":25,"column":0},"end":{"line":25,"column":7}},"25":{"start":{"line":26,"column":0},"end":{"line":26,"column":33}},"26":{"start":{"line":27,"column":0},"end":{"line":27,"column":4}},"27":{"start":{"line":28,"column":0},"end":{"line":28,"column":63}},"28":{"start":{"line":29,"column":0},"end":{"line":29,"column":2}}},"s":{"0":1,"1":1,"2":1,"3":1,"4":1,"5":18,"6":18,"7":18,"8":18,"9":90,"10":90,"11":90,"12":90,"13":90,"14":324,"15":90,"16":324,"17":36,"18":324,"19":72,"20":324,"21":72,"22":72,"23":54,"24":90,"25":90,"26":18,"27":18,"28":18},"branchMap":{"0":{"type":"branch","line":5,"loc":{"start":{"line":5,"column":15},"end":{"line":29,"column":2}},"locations":[{"start":{"line":5,"column":15},"end":{"line":29,"column":2}}]},"1":{"type":"branch","line":9,"loc":{"start":{"line":9,"column":18},"end":{"line":27,"column":3}},"locations":[{"start":{"line":9,"column":18},"end":{"line":27,"column":3}}]},"2":{"type":"branch","line":14,"loc":{"start":{"line":14,"column":31},"end":{"line":25,"column":5}},"locations":[{"start":{"line":14,"column":31},"end":{"line":25,"column":5}}]},"3":{"type":"branch","line":15,"loc":{"start":{"line":15,"column":38},"end":{"line":17,"column":8}},"locations":[{"start":{"line":15,"column":38},"end":{"line":17,"column":8}}]},"4":{"type":"branch","line":17,"loc":{"start":{"line":17,"column":6},"end":{"line":17,"column":40}},"locations":[{"start":{"line":17,"column":6},"end":{"line":17,"column":40}}]},"5":{"type":"branch","line":17,"loc":{"start":{"line":17,"column":40},"end":{"line":19,"column":8}},"locations":[{"start":{"line":17,"column":40},"end":{"line":19,"column":8}}]},"6":{"type":"branch","line":19,"loc":{"start":{"line":19,"column":6},"end":{"line":19,"column":41}},"locations":[{"start":{"line":19,"column":6},"end":{"line":19,"column":41}}]},"7":{"type":"branch","line":19,"loc":{"start":{"line":19,"column":37},"end":{"line":19,"column":63}},"locations":[{"start":{"line":19,"column":37},"end":{"line":19,"column":63}}]},"8":{"type":"branch","line":19,"loc":{"start":{"line":19,"column":63},"end":{"line":19,"column":89}},"locations":[{"start":{"line":19,"column":63},"end":{"line":19,"column":89}}]},"9":{"type":"branch","line":19,"loc":{"start":{"line":19,"column":91},"end":{"line":21,"column":8}},"locations":[{"start":{"line":19,"column":91},"end":{"line":21,"column":8}}]},"10":{"type":"branch","line":21,"loc":{"start":{"line":21,"column":6},"end":{"line":21,"column":39}},"locations":[{"start":{"line":21,"column":6},"end":{"line":21,"column":39}}]},"11":{"type":"branch","line":21,"loc":{"start":{"line":21,"column":39},"end":{"line":23,"column":7}},"locations":[{"start":{"line":21,"column":39},"end":{"line":23,"column":7}}]},"12":{"type":"branch","line":23,"loc":{"start":{"line":23,"column":6},"end":{"line":25,"column":5}},"locations":[{"start":{"line":23,"column":6},"end":{"line":25,"column":5}}]}},"b":{"0":[18],"1":[90],"2":[324],"3":[90],"4":[234],"5":[36],"6":[198],"7":[144],"8":[90],"9":[72],"10":[126],"11":[72],"12":[54]},"fnMap":{"0":{"name":"default","decl":{"start":{"line":5,"column":15},"end":{"line":29,"column":2}},"loc":{"start":{"line":5,"column":15},"end":{"line":29,"column":2}},"line":5},"1":{"name":"genDiff","decl":{"start":{"line":9,"column":18},"end":{"line":27,"column":3}},"loc":{"start":{"line":9,"column":18},"end":{"line":27,"column":3}},"line":9}},"f":{"0":18,"1":90}}
,"/Users/pk/Source/frontend-project-46/src/parser.js": {"path":"/Users/pk/Source/frontend-project-46/src/parser.js","all":false,"statementMap":{"0":{"start":{"line":1,"column":0},"end":{"line":1,"column":34}},"1":{"start":{"line":2,"column":0},"end":{"line":2,"column":24}},"2":{"start":{"line":3,"column":0},"end":{"line":3,"column":27}},"3":{"start":{"line":4,"column":0},"end":{"line":4,"column":0}},"4":{"start":{"line":5,"column":0},"end":{"line":5,"column":32}},"5":{"start":{"line":6,"column":0},"end":{"line":6,"column":42}},"6":{"start":{"line":7,"column":0},"end":{"line":7,"column":0}},"7":{"start":{"line":8,"column":0},"end":{"line":8,"column":27}},"8":{"start":{"line":9,"column":0},"end":{"line":9,"column":57}},"9":{"start":{"line":10,"column":0},"end":{"line":10,"column":3}},"10":{"start":{"line":11,"column":0},"end":{"line":11,"column":54}},"11":{"start":{"line":12,"column":0},"end":{"line":12,"column":2}}},"s":{"0":1,"1":1,"2":1,"3":1,"4":1,"5":36,"6":36,"7":36,"8":12,"9":12,"10":24,"11":24},"branchMap":{"0":{"type":"branch","line":5,"loc":{"start":{"line":5,"column":16},"end":{"line":12,"column":2}},"locations":[{"start":{"line":5,"column":16},"end":{"line":12,"column":2}}]},"1":{"type":"branch","line":8,"loc":{"start":{"line":8,"column":26},"end":{"line":10,"column":3}},"locations":[{"start":{"line":8,"column":26},"end":{"line":10,"column":3}}]},"2":{"type":"branch","line":10,"loc":{"start":{"line":10,"column":2},"end":{"line":12,"column":2}},"locations":[{"start":{"line":10,"column":2},"end":{"line":12,"column":2}}]}},"b":{"0":[36],"1":[12],"2":[24]},"fnMap":{"0":{"name":"default","decl":{"start":{"line":5,"column":16},"end":{"line":12,"column":2}},"loc":{"start":{"line":5,"column":16},"end":{"line":12,"column":2}},"line":5}},"f":{"0":36}}
,"/Users/pk/Source/frontend-project-46/src/formatters/index.js": {"path":"/Users/pk/Source/frontend-project-46/src/formatters/index.js","all":false,"statementMap":{"0":{"start":{"line":1,"column":0},"end":{"line":1,"column":31}},"1":{"start":{"line":2,"column":0},"end":{"line":2,"column":35}},"2":{"start":{"line":3,"column":0},"end":{"line":3,"column":29}},"3":{"start":{"line":4,"column":0},"end":{"line":4,"column":0}},"4":{"start":{"line":5,"column":0},"end":{"line":5,"column":38}},"5":{"start":{"line":6,"column":0},"end":{"line":6,"column":31}},"6":{"start":{"line":7,"column":0},"end":{"line":7,"column":23}},"7":{"start":{"line":8,"column":0},"end":{"line":8,"column":3}},"8":{"start":{"line":9,"column":0},"end":{"line":9,"column":30}},"9":{"start":{"line":10,"column":0},"end":{"line":10,"column":22}},"10":{"start":{"line":11,"column":0},"end":{"line":11,"column":3}},"11":{"start":{"line":12,"column":0},"end":{"line":12,"column":33}},"12":{"start":{"line":13,"column":0},"end":{"line":13,"column":25}},"13":{"start":{"line":14,"column":0},"end":{"line":14,"column":3}},"14":{"start":{"line":15,"column":0},"end":{"line":15,"column":49}},"15":{"start":{"line":16,"column":0},"end":{"line":16,"column":2}}},"s":{"0":1,"1":1,"2":1,"3":1,"4":1,"5":18,"6":6,"7":6,"8":18,"9":6,"10":6,"11":6,"12":6,"13":6,"14":0,"15":0},"branchMap":{"0":{"type":"branch","line":5,"loc":{"start":{"line":5,"column":15},"end":{"line":16,"column":2}},"locations":[{"start":{"line":5,"column":15},"end":{"line":16,"column":2}}]},"1":{"type":"branch","line":6,"loc":{"start":{"line":6,"column":30},"end":{"line":8,"column":3}},"locations":[{"start":{"line":6,"column":30},"end":{"line":8,"column":3}}]},"2":{"type":"branch","line":8,"loc":{"start":{"line":8,"column":2},"end":{"line":9,"column":29}},"locations":[{"start":{"line":8,"column":2},"end":{"line":9,"column":29}}]},"3":{"type":"branch","line":9,"loc":{"start":{"line":9,"column":29},"end":{"line":14,"column":3}},"locations":[{"start":{"line":9,"column":29},"end":{"line":14,"column":3}}]},"4":{"type":"branch","line":14,"loc":{"start":{"line":14,"column":2},"end":{"line":16,"column":2}},"locations":[{"start":{"line":14,"column":2},"end":{"line":16,"column":2}}]}},"b":{"0":[18],"1":[6],"2":[12],"3":[6],"4":[0]},"fnMap":{"0":{"name":"default","decl":{"start":{"line":5,"column":15},"end":{"line":16,"column":2}},"loc":{"start":{"line":5,"column":15},"end":{"line":16,"column":2}},"line":5}},"f":{"0":18}}
,"/Users/pk/Source/frontend-project-46/src/formatters/json.js": {"path":"/Users/pk/Source/frontend-project-46/src/formatters/json.js","all":false,"statementMap":{"0":{"start":{"line":1,"column":0},"end":{"line":1,"column":55}}},"s":{"0":1},"branchMap":{"0":{"type":"branch","line":1,"loc":{"start":{"line":1,"column":16},"end":{"line":1,"column":54}},"locations":[{"start":{"line":1,"column":16},"end":{"line":1,"column":54}}]}},"b":{"0":[6]},"fnMap":{"0":{"name":"default","decl":{"start":{"line":1,"column":16},"end":{"line":1,"column":54}},"loc":{"start":{"line":1,"column":16},"end":{"line":1,"column":54}},"line":1}},"f":{"0":6}}
,"/Users/pk/Source/frontend-project-46/src/formatters/plain.js": {"path":"/Users/pk/Source/frontend-project-46/src/formatters/plain.js","all":false,"statementMap":{"0":{"start":{"line":1,"column":0},"end":{"line":1,"column":23}},"1":{"start":{"line":2,"column":0},"end":{"line":2,"column":0}},"2":{"start":{"line":3,"column":0},"end":{"line":3,"column":27}},"3":{"start":{"line":4,"column":0},"end":{"line":4,"column":34}},"4":{"start":{"line":5,"column":0},"end":{"line":5,"column":24}},"5":{"start":{"line":6,"column":0},"end":{"line":6,"column":3}},"6":{"start":{"line":7,"column":0},"end":{"line":7,"column":35}},"7":{"start":{"line":8,"column":0},"end":{"line":8,"column":45}},"8":{"start":{"line":9,"column":0},"end":{"line":9,"column":3}},"9":{"start":{"line":10,"column":0},"end":{"line":10,"column":23}},"10":{"start":{"line":11,"column":0},"end":{"line":11,"column":18}},"11":{"start":{"line":12,"column":0},"end":{"line":12,"column":3}},"12":{"start":{"line":13,"column":0},"end":{"line":13,"column":20}},"13":{"start":{"line":14,"column":0},"end":{"line":14,"column":2}},"14":{"start":{"line":15,"column":0},"end":{"line":15,"column":0}},"15":{"start":{"line":16,"column":0},"end":{"line":16,"column":26}},"16":{"start":{"line":17,"column":0},"end":{"line":17,"column":59}},"17":{"start":{"line":18,"column":0},"end":{"line":18,"column":26}},"18":{"start":{"line":19,"column":0},"end":{"line":19,"column":30}},"19":{"start":{"line":20,"column":0},"end":{"line":20,"column":55}},"20":{"start":{"line":21,"column":0},"end":{"line":21,"column":50}},"21":{"start":{"line":22,"column":0},"end":{"line":22,"column":7}},"22":{"start":{"line":23,"column":0},"end":{"line":23,"column":65}},"23":{"start":{"line":24,"column":0},"end":{"line":24,"column":86}},"24":{"start":{"line":25,"column":0},"end":{"line":25,"column":7}},"25":{"start":{"line":26,"column":0},"end":{"line":26,"column":64}},"26":{"start":{"line":27,"column":0},"end":{"line":27,"column":81}},"27":{"start":{"line":28,"column":0},"end":{"line":28,"column":7}},"28":{"start":{"line":29,"column":0},"end":{"line":29,"column":41}},"29":{"start":{"line":30,"column":0},"end":{"line":30,"column":55}},"30":{"start":{"line":31,"column":0},"end":{"line":31,"column":7}},"31":{"start":{"line":32,"column":0},"end":{"line":32,"column":93}},"32":{"start":{"line":33,"column":0},"end":{"line":33,"column":96}},"33":{"start":{"line":34,"column":0},"end":{"line":34,"column":7}},"34":{"start":{"line":35,"column":0},"end":{"line":35,"column":94}},"35":{"start":{"line":36,"column":0},"end":{"line":36,"column":102}},"36":{"start":{"line":37,"column":0},"end":{"line":37,"column":7}},"37":{"start":{"line":38,"column":0},"end":{"line":38,"column":94}},"38":{"start":{"line":39,"column":0},"end":{"line":39,"column":102}},"39":{"start":{"line":40,"column":0},"end":{"line":40,"column":7}},"40":{"start":{"line":41,"column":0},"end":{"line":41,"column":41}},"41":{"start":{"line":42,"column":0},"end":{"line":42,"column":108}},"42":{"start":{"line":43,"column":0},"end":{"line":43,"column":7}},"43":{"start":{"line":44,"column":0},"end":{"line":44,"column":16}},"44":{"start":{"line":45,"column":0},"end":{"line":45,"column":18}},"45":{"start":{"line":46,"column":0},"end":{"line":46,"column":20}},"46":{"start":{"line":47,"column":0},"end":{"line":47,"column":2}}},"s":{"0":1,"1":1,"2":1,"3":60,"4":42,"5":42,"6":60,"7":12,"8":12,"9":6,"10":6,"11":6,"12":0,"13":0,"14":1,"15":1,"16":6,"17":30,"18":30,"19":108,"20":24,"21":24,"22":108,"23":18,"24":18,"25":108,"26":12,"27":12,"28":108,"29":12,"30":12,"31":108,"32":0,"33":0,"34":108,"35":0,"36":0,"37":108,"38":6,"39":6,"40":108,"41":18,"42":18,"43":18,"44":6,"45":6,"46":6},"branchMap":{"0":{"type":"branch","line":3,"loc":{"start":{"line":3,"column":16},"end":{"line":14,"column":2}},"locations":[{"start":{"line":3,"column":16},"end":{"line":14,"column":2}}]},"1":{"type":"branch","line":4,"loc":{"start":{"line":4,"column":33},"end":{"line":6,"column":3}},"locations":[{"start":{"line":4,"column":33},"end":{"line":6,"column":3}}]},"2":{"type":"branch","line":6,"loc":{"start":{"line":6,"column":2},"end":{"line":7,"column":34}},"locations":[{"start":{"line":6,"column":2},"end":{"line":7,"column":34}}]},"3":{"type":"branch","line":7,"loc":{"start":{"line":7,"column":34},"end":{"line":9,"column":3}},"locations":[{"start":{"line":7,"column":34},"end":{"line":9,"column":3}}]},"4":{"type":"branch","line":8,"loc":{"start":{"line":8,"column":25},"end":{"line":8,"column":34}},"locations":[{"start":{"line":8,"column":25},"end":{"line":8,"column":34}}]},"5":{"type":"branch","line":8,"loc":{"start":{"line":8,"column":34},"end":{"line":8,"column":44}},"locations":[{"start":{"line":8,"column":34},"end":{"line":8,"column":44}}]},"6":{"type":"branch","line":9,"loc":{"start":{"line":9,"column":2},"end":{"line":12,"column":3}},"locations":[{"start":{"line":9,"column":2},"end":{"line":12,"column":3}}]},"7":{"type":"branch","line":12,"loc":{"start":{"line":12,"column":2},"end":{"line":14,"column":2}},"locations":[{"start":{"line":12,"column":2},"end":{"line":14,"column":2}}]},"8":{"type":"branch","line":16,"loc":{"start":{"line":16,"column":16},"end":{"line":47,"column":2}},"locations":[{"start":{"line":16,"column":16},"end":{"line":47,"column":2}}]},"9":{"type":"branch","line":17,"loc":{"start":{"line":17,"column":15},"end":{"line":45,"column":17}},"locations":[{"start":{"line":17,"column":15},"end":{"line":45,"column":17}}]},"10":{"type":"branch","line":19,"loc":{"start":{"line":19,"column":13},"end":{"line":45,"column":5}},"locations":[{"start":{"line":19,"column":13},"end":{"line":45,"column":5}}]},"11":{"type":"branch","line":20,"loc":{"start":{"line":20,"column":54},"end":{"line":22,"column":7}},"locations":[{"start":{"line":20,"column":54},"end":{"line":22,"column":7}}]},"12":{"type":"branch","line":22,"loc":{"start":{"line":22,"column":6},"end":{"line":23,"column":40}},"locations":[{"start":{"line":22,"column":6},"end":{"line":23,"column":40}}]},"13":{"type":"branch","line":23,"loc":{"start":{"line":23,"column":36},"end":{"line":23,"column":62}},"locations":[{"start":{"line":23,"column":36},"end":{"line":23,"column":62}}]},"14":{"type":"branch","line":23,"loc":{"start":{"line":23,"column":64},"end":{"line":25,"column":7}},"locations":[{"start":{"line":23,"column":64},"end":{"line":25,"column":7}}]},"15":{"type":"branch","line":25,"loc":{"start":{"line":25,"column":6},"end":{"line":26,"column":40}},"locations":[{"start":{"line":25,"column":6},"end":{"line":26,"column":40}}]},"16":{"type":"branch","line":26,"loc":{"start":{"line":26,"column":36},"end":{"line":26,"column":61}},"locations":[{"start":{"line":26,"column":36},"end":{"line":26,"column":61}}]},"17":{"type":"branch","line":26,"loc":{"start":{"line":26,"column":63},"end":{"line":28,"column":7}},"locations":[{"start":{"line":26,"column":63},"end":{"line":28,"column":7}}]},"18":{"type":"branch","line":28,"loc":{"start":{"line":28,"column":6},"end":{"line":29,"column":40}},"locations":[{"start":{"line":28,"column":6},"end":{"line":29,"column":40}}]},"19":{"type":"branch","line":29,"loc":{"start":{"line":29,"column":40},"end":{"line":31,"column":7}},"locations":[{"start":{"line":29,"column":40},"end":{"line":31,"column":7}}]},"20":{"type":"branch","line":31,"loc":{"start":{"line":31,"column":6},"end":{"line":32,"column":42}},"locations":[{"start":{"line":31,"column":6},"end":{"line":32,"column":42}}]},"21":{"type":"branch","line":32,"loc":{"start":{"line":32,"column":38},"end":{"line":32,"column":64}},"locations":[{"start":{"line":32,"column":38},"end":{"line":32,"column":64}}]},"22":{"type":"branch","line":32,"loc":{"start":{"line":32,"column":64},"end":{"line":32,"column":90}},"locations":[{"start":{"line":32,"column":64},"end":{"line":32,"column":90}}]},"23":{"type":"branch","line":32,"loc":{"start":{"line":32,"column":92},"end":{"line":34,"column":7}},"locations":[{"start":{"line":32,"column":92},"end":{"line":34,"column":7}}]},"24":{"type":"branch","line":34,"loc":{"start":{"line":34,"column":6},"end":{"line":35,"column":42}},"locations":[{"start":{"line":34,"column":6},"end":{"line":35,"column":42}}]},"25":{"type":"branch","line":35,"loc":{"start":{"line":35,"column":38},"end":{"line":35,"column":65}},"locations":[{"start":{"line":35,"column":38},"end":{"line":35,"column":65}}]},"26":{"type":"branch","line":35,"loc":{"start":{"line":35,"column":65},"end":{"line":35,"column":91}},"locations":[{"start":{"line":35,"column":65},"end":{"line":35,"column":91}}]},"27":{"type":"branch","line":35,"loc":{"start":{"line":35,"column":93},"end":{"line":37,"column":7}},"locations":[{"start":{"line":35,"column":93},"end":{"line":37,"column":7}}]},"28":{"type":"branch","line":37,"loc":{"start":{"line":37,"column":6},"end":{"line":38,"column":42}},"locations":[{"start":{"line":37,"column":6},"end":{"line":38,"column":42}}]},"29":{"type":"branch","line":38,"loc":{"start":{"line":38,"column":38},"end":{"line":38,"column":64}},"locations":[{"start":{"line":38,"column":38},"end":{"line":38,"column":64}}]},"30":{"type":"branch","line":38,"loc":{"start":{"line":38,"column":64},"end":{"line":38,"column":91}},"locations":[{"start":{"line":38,"column":64},"end":{"line":38,"column":91}}]},"31":{"type":"branch","line":38,"loc":{"start":{"line":38,"column":93},"end":{"line":40,"column":7}},"locations":[{"start":{"line":38,"column":93},"end":{"line":40,"column":7}}]},"32":{"type":"branch","line":40,"loc":{"start":{"line":40,"column":6},"end":{"line":41,"column":40}},"locations":[{"start":{"line":40,"column":6},"end":{"line":41,"column":40}}]},"33":{"type":"branch","line":41,"loc":{"start":{"line":41,"column":40},"end":{"line":45,"column":5}},"locations":[{"start":{"line":41,"column":40},"end":{"line":45,"column":5}}]}},"b":{"0":[60],"1":[42],"2":[18],"3":[12],"4":[6],"5":[6],"6":[6],"7":[0],"8":[6],"9":[30],"10":[108],"11":[24],"12":[84],"13":[30],"14":[18],"15":[66],"16":[12],"17":[12],"18":[54],"19":[12],"20":[42],"21":[24],"22":[6],"23":[0],"24":[42],"25":[24],"26":[18],"27":[0],"28":[42],"29":[24],"30":[6],"31":[6],"32":[36],"33":[18]},"fnMap":{"0":{"name":"helper","decl":{"start":{"line":3,"column":16},"end":{"line":14,"column":2}},"loc":{"start":{"line":3,"column":16},"end":{"line":14,"column":2}},"line":3},"1":{"name":"default","decl":{"start":{"line":16,"column":16},"end":{"line":47,"column":2}},"loc":{"start":{"line":16,"column":16},"end":{"line":47,"column":2}},"line":16},"2":{"name":"iter","decl":{"start":{"line":17,"column":15},"end":{"line":45,"column":17}},"loc":{"start":{"line":17,"column":15},"end":{"line":45,"column":17}},"line":17}},"f":{"0":60,"1":6,"2":30}}
,"/Users/pk/Source/frontend-project-46/src/formatters/stylish.js": {"path":"/Users/pk/Source/frontend-project-46/src/formatters/stylish.js","all":false,"statementMap":{"0":{"start":{"line":1,"column":0},"end":{"line":1,"column":23}},"1":{"start":{"line":2,"column":0},"end":{"line":2,"column":0}},"2":{"start":{"line":3,"column":0},"end":{"line":3,"column":26}},"3":{"start":{"line":4,"column":0},"end":{"line":4,"column":41}},"4":{"start":{"line":5,"column":0},"end":{"line":5,"column":25}},"5":{"start":{"line":6,"column":0},"end":{"line":6,"column":26}},"6":{"start":{"line":7,"column":0},"end":{"line":7,"column":43}},"7":{"start":{"line":8,"column":0},"end":{"line":8,"column":54}},"8":{"start":{"line":9,"column":0},"end":{"line":9,"column":68}},"9":{"start":{"line":10,"column":0},"end":{"line":10,"column":0}},"10":{"start":{"line":11,"column":0},"end":{"line":11,"column":56}},"11":{"start":{"line":12,"column":0},"end":{"line":12,"column":28}},"12":{"start":{"line":13,"column":0},"end":{"line":13,"column":57}},"13":{"start":{"line":14,"column":0},"end":{"line":14,"column":75}},"14":{"start":{"line":15,"column":0},"end":{"line":15,"column":9}},"15":{"start":{"line":16,"column":0},"end":{"line":16,"column":97}},"16":{"start":{"line":17,"column":0},"end":{"line":17,"column":100}},"17":{"start":{"line":18,"column":0},"end":{"line":18,"column":9}},"18":{"start":{"line":19,"column":0},"end":{"line":19,"column":96}},"19":{"start":{"line":20,"column":0},"end":{"line":20,"column":117}},"20":{"start":{"line":21,"column":0},"end":{"line":21,"column":9}},"21":{"start":{"line":22,"column":0},"end":{"line":22,"column":96}},"22":{"start":{"line":23,"column":0},"end":{"line":23,"column":117}},"23":{"start":{"line":24,"column":0},"end":{"line":24,"column":9}},"24":{"start":{"line":25,"column":0},"end":{"line":25,"column":67}},"25":{"start":{"line":26,"column":0},"end":{"line":26,"column":58}},"26":{"start":{"line":27,"column":0},"end":{"line":27,"column":9}},"27":{"start":{"line":28,"column":0},"end":{"line":28,"column":66}},"28":{"start":{"line":29,"column":0},"end":{"line":29,"column":75}},"29":{"start":{"line":30,"column":0},"end":{"line":30,"column":9}},"30":{"start":{"line":31,"column":0},"end":{"line":31,"column":69}},"31":{"start":{"line":32,"column":0},"end":{"line":32,"column":58}},"32":{"start":{"line":33,"column":0},"end":{"line":33,"column":9}},"33":{"start":{"line":34,"column":0},"end":{"line":34,"column":68}},"34":{"start":{"line":35,"column":0},"end":{"line":35,"column":75}},"35":{"start":{"line":36,"column":0},"end":{"line":36,"column":9}},"36":{"start":{"line":37,"column":0},"end":{"line":37,"column":45}},"37":{"start":{"line":38,"column":0},"end":{"line":38,"column":58}},"38":{"start":{"line":39,"column":0},"end":{"line":39,"column":9}},"39":{"start":{"line":40,"column":0},"end":{"line":40,"column":30}},"40":{"start":{"line":41,"column":0},"end":{"line":41,"column":69}},"41":{"start":{"line":42,"column":0},"end":{"line":42,"column":9}},"42":{"start":{"line":43,"column":0},"end":{"line":43,"column":50}},"43":{"start":{"line":44,"column":0},"end":{"line":44,"column":9}},"44":{"start":{"line":45,"column":0},"end":{"line":45,"column":12}},"45":{"start":{"line":46,"column":0},"end":{"line":46,"column":10}},"46":{"start":{"line":47,"column":0},"end":{"line":47,"column":15}},"47":{"start":{"line":48,"column":0},"end":{"line":48,"column":26}},"48":{"start":{"line":49,"column":0},"end":{"line":49,"column":17}},"49":{"start":{"line":50,"column":0},"end":{"line":50,"column":4}},"50":{"start":{"line":51,"column":0},"end":{"line":51,"column":0}},"51":{"start":{"line":52,"column":0},"end":{"line":52,"column":23}},"52":{"start":{"line":53,"column":0},"end":{"line":53,"column":2}}},"s":{"0":1,"1":1,"2":1,"3":6,"4":72,"5":72,"6":72,"7":72,"8":72,"9":72,"10":72,"11":72,"12":162,"13":24,"14":24,"15":162,"16":18,"17":18,"18":162,"19":0,"20":0,"21":162,"22":6,"23":6,"24":162,"25":18,"26":18,"27":162,"28":12,"29":12,"30":162,"31":6,"32":6,"33":162,"34":6,"35":6,"36":162,"37":18,"38":18,"39":162,"40":18,"41":18,"42":36,"43":72,"44":72,"45":72,"46":72,"47":72,"48":72,"49":6,"50":6,"51":6,"52":6},"branchMap":{"0":{"type":"branch","line":3,"loc":{"start":{"line":3,"column":16},"end":{"line":53,"column":2}},"locations":[{"start":{"line":3,"column":16},"end":{"line":53,"column":2}}]},"1":{"type":"branch","line":4,"loc":{"start":{"line":4,"column":15},"end":{"line":50,"column":3}},"locations":[{"start":{"line":4,"column":15},"end":{"line":50,"column":3}}]},"2":{"type":"branch","line":12,"loc":{"start":{"line":12,"column":11},"end":{"line":44,"column":7}},"locations":[{"start":{"line":12,"column":11},"end":{"line":44,"column":7}}]},"3":{"type":"branch","line":13,"loc":{"start":{"line":13,"column":56},"end":{"line":15,"column":9}},"locations":[{"start":{"line":13,"column":56},"end":{"line":15,"column":9}}]},"4":{"type":"branch","line":15,"loc":{"start":{"line":15,"column":8},"end":{"line":16,"column":44}},"locations":[{"start":{"line":15,"column":8},"end":{"line":16,"column":44}}]},"5":{"type":"branch","line":16,"loc":{"start":{"line":16,"column":40},"end":{"line":16,"column":67}},"locations":[{"start":{"line":16,"column":40},"end":{"line":16,"column":67}}]},"6":{"type":"branch","line":16,"loc":{"start":{"line":16,"column":67},"end":{"line":16,"column":94}},"locations":[{"start":{"line":16,"column":67},"end":{"line":16,"column":94}}]},"7":{"type":"branch","line":16,"loc":{"start":{"line":16,"column":96},"end":{"line":18,"column":9}},"locations":[{"start":{"line":16,"column":96},"end":{"line":18,"column":9}}]},"8":{"type":"branch","line":18,"loc":{"start":{"line":18,"column":8},"end":{"line":19,"column":44}},"locations":[{"start":{"line":18,"column":8},"end":{"line":19,"column":44}}]},"9":{"type":"branch","line":19,"loc":{"start":{"line":19,"column":40},"end":{"line":19,"column":67}},"locations":[{"start":{"line":19,"column":40},"end":{"line":19,"column":67}}]},"10":{"type":"branch","line":19,"loc":{"start":{"line":19,"column":67},"end":{"line":19,"column":93}},"locations":[{"start":{"line":19,"column":67},"end":{"line":19,"column":93}}]},"11":{"type":"branch","line":19,"loc":{"start":{"line":19,"column":95},"end":{"line":21,"column":9}},"locations":[{"start":{"line":19,"column":95},"end":{"line":21,"column":9}}]},"12":{"type":"branch","line":21,"loc":{"start":{"line":21,"column":8},"end":{"line":22,"column":44}},"locations":[{"start":{"line":21,"column":8},"end":{"line":22,"column":44}}]},"13":{"type":"branch","line":22,"loc":{"start":{"line":22,"column":40},"end":{"line":22,"column":66}},"locations":[{"start":{"line":22,"column":40},"end":{"line":22,"column":66}}]},"14":{"type":"branch","line":22,"loc":{"start":{"line":22,"column":66},"end":{"line":22,"column":93}},"locations":[{"start":{"line":22,"column":66},"end":{"line":22,"column":93}}]},"15":{"type":"branch","line":22,"loc":{"start":{"line":22,"column":95},"end":{"line":24,"column":9}},"locations":[{"start":{"line":22,"column":95},"end":{"line":24,"column":9}}]},"16":{"type":"branch","line":24,"loc":{"start":{"line":24,"column":8},"end":{"line":25,"column":42}},"locations":[{"start":{"line":24,"column":8},"end":{"line":25,"column":42}}]},"17":{"type":"branch","line":25,"loc":{"start":{"line":25,"column":38},"end":{"line":25,"column":64}},"locations":[{"start":{"line":25,"column":38},"end":{"line":25,"column":64}}]},"18":{"type":"branch","line":25,"loc":{"start":{"line":25,"column":66},"end":{"line":27,"column":9}},"locations":[{"start":{"line":25,"column":66},"end":{"line":27,"column":9}}]},"19":{"type":"branch","line":27,"loc":{"start":{"line":27,"column":8},"end":{"line":28,"column":42}},"locations":[{"start":{"line":27,"column":8},"end":{"line":28,"column":42}}]},"20":{"type":"branch","line":28,"loc":{"start":{"line":28,"column":38},"end":{"line":28,"column":63}},"locations":[{"start":{"line":28,"column":38},"end":{"line":28,"column":63}}]},"21":{"type":"branch","line":28,"loc":{"start":{"line":28,"column":65},"end":{"line":30,"column":9}},"locations":[{"start":{"line":28,"column":65},"end":{"line":30,"column":9}}]},"22":{"type":"branch","line":30,"loc":{"start":{"line":30,"column":8},"end":{"line":31,"column":44}},"locations":[{"start":{"line":30,"column":8},"end":{"line":31,"column":44}}]},"23":{"type":"branch","line":31,"loc":{"start":{"line":31,"column":40},"end":{"line":31,"column":66}},"locations":[{"start":{"line":31,"column":40},"end":{"line":31,"column":66}}]},"24":{"type":"branch","line":31,"loc":{"start":{"line":31,"column":68},"end":{"line":33,"column":9}},"locations":[{"start":{"line":31,"column":68},"end":{"line":33,"column":9}}]},"25":{"type":"branch","line":33,"loc":{"start":{"line":33,"column":8},"end":{"line":34,"column":44}},"locations":[{"start":{"line":33,"column":8},"end":{"line":34,"column":44}}]},"26":{"type":"branch","line":34,"loc":{"start":{"line":34,"column":40},"end":{"line":34,"column":65}},"locations":[{"start":{"line":34,"column":40},"end":{"line":34,"column":65}}]},"27":{"type":"branch","line":34,"loc":{"start":{"line":34,"column":67},"end":{"line":36,"column":9}},"locations":[{"start":{"line":34,"column":67},"end":{"line":36,"column":9}}]},"28":{"type":"branch","line":36,"loc":{"start":{"line":36,"column":8},"end":{"line":37,"column":44}},"locations":[{"start":{"line":36,"column":8},"end":{"line":37,"column":44}}]},"29":{"type":"branch","line":37,"loc":{"start":{"line":37,"column":44},"end":{"line":39,"column":9}},"locations":[{"start":{"line":37,"column":44},"end":{"line":39,"column":9}}]},"30":{"type":"branch","line":39,"loc":{"start":{"line":39,"column":8},"end":{"line":40,"column":29}},"locations":[{"start":{"line":39,"column":8},"end":{"line":40,"column":29}}]},"31":{"type":"branch","line":40,"loc":{"start":{"line":40,"column":29},"end":{"line":42,"column":9}},"locations":[{"start":{"line":40,"column":29},"end":{"line":42,"column":9}}]},"32":{"type":"branch","line":42,"loc":{"start":{"line":42,"column":8},"end":{"line":44,"column":7}},"locations":[{"start":{"line":42,"column":8},"end":{"line":44,"column":7}}]}},"b":{"0":[6],"1":[72],"2":[162],"3":[24],"4":[138],"5":[24],"6":[18],"7":[18],"8":[120],"9":[6],"10":[0],"11":[0],"12":[120],"13":[6],"14":[6],"15":[6],"16":[114],"17":[30],"18":[18],"19":[96],"20":[12],"21":[12],"22":[84],"23":[12],"24":[6],"25":[78],"26":[6],"27":[6],"28":[72],"29":[18],"30":[54],"31":[18],"32":[36]},"fnMap":{"0":{"name":"default","decl":{"start":{"line":3,"column":16},"end":{"line":53,"column":2}},"loc":{"start":{"line":3,"column":16},"end":{"line":53,"column":2}},"line":3},"1":{"name":"iter","decl":{"start":{"line":4,"column":15},"end":{"line":50,"column":3}},"loc":{"start":{"line":4,"column":15},"end":{"line":50,"column":3}},"line":4}},"f":{"0":6,"1":72}}
}
