{"/Users/pk/Source/frontend-project-46/src/index.js": {"path":"/Users/pk/Source/frontend-project-46/src/index.js","all":false,"statementMap":{"0":{"start":{"line":1,"column":0},"end":{"line":1,"column":23}},"1":{"start":{"line":2,"column":0},"end":{"line":2,"column":40}},"2":{"start":{"line":3,"column":0},"end":{"line":3,"column":47}},"3":{"start":{"line":4,"column":0},"end":{"line":4,"column":0}},"4":{"start":{"line":5,"column":0},"end":{"line":5,"column":58}},"5":{"start":{"line":6,"column":0},"end":{"line":6,"column":37}},"6":{"start":{"line":7,"column":0},"end":{"line":7,"column":37}},"7":{"start":{"line":8,"column":0},"end":{"line":8,"column":0}},"8":{"start":{"line":9,"column":0},"end":{"line":9,"column":37}},"9":{"start":{"line":10,"column":0},"end":{"line":10,"column":37}},"10":{"start":{"line":11,"column":0},"end":{"line":11,"column":37}},"11":{"start":{"line":12,"column":0},"end":{"line":12,"column":39}},"12":{"start":{"line":13,"column":0},"end":{"line":13,"column":0}},"13":{"start":{"line":14,"column":0},"end":{"line":14,"column":38}},"14":{"start":{"line":15,"column":0},"end":{"line":15,"column":39}},"15":{"start":{"line":16,"column":0},"end":{"line":16,"column":127}},"16":{"start":{"line":17,"column":0},"end":{"line":17,"column":46}},"17":{"start":{"line":18,"column":0},"end":{"line":18,"column":119}},"18":{"start":{"line":19,"column":0},"end":{"line":19,"column":97}},"19":{"start":{"line":20,"column":0},"end":{"line":20,"column":123}},"20":{"start":{"line":21,"column":0},"end":{"line":21,"column":45}},"21":{"start":{"line":22,"column":0},"end":{"line":22,"column":163}},"22":{"start":{"line":23,"column":0},"end":{"line":23,"column":14}},"23":{"start":{"line":24,"column":0},"end":{"line":24,"column":145}},"24":{"start":{"line":25,"column":0},"end":{"line":25,"column":7}},"25":{"start":{"line":26,"column":0},"end":{"line":26,"column":17}},"26":{"start":{"line":27,"column":0},"end":{"line":27,"column":11}},"27":{"start":{"line":28,"column":0},"end":{"line":28,"column":4}},"28":{"start":{"line":29,"column":0},"end":{"line":29,"column":55}},"29":{"start":{"line":30,"column":0},"end":{"line":30,"column":2}}},"s":{"0":1,"1":1,"2":1,"3":1,"4":1,"5":12,"6":12,"7":12,"8":12,"9":60,"10":60,"11":60,"12":60,"13":60,"14":216,"15":60,"16":216,"17":24,"18":156,"19":48,"20":132,"21":48,"22":84,"23":36,"24":36,"25":216,"26":60,"27":12,"28":12,"29":12},"branchMap":{"0":{"type":"branch","line":5,"loc":{"start":{"line":5,"column":15},"end":{"line":30,"column":2}},"locations":[{"start":{"line":5,"column":15},"end":{"line":30,"column":2}}]},"1":{"type":"branch","line":9,"loc":{"start":{"line":9,"column":18},"end":{"line":28,"column":3}},"locations":[{"start":{"line":9,"column":18},"end":{"line":28,"column":3}}]},"2":{"type":"branch","line":14,"loc":{"start":{"line":14,"column":23},"end":{"line":27,"column":5}},"locations":[{"start":{"line":14,"column":23},"end":{"line":27,"column":5}}]},"3":{"type":"branch","line":15,"loc":{"start":{"line":15,"column":38},"end":{"line":17,"column":7}},"locations":[{"start":{"line":15,"column":38},"end":{"line":17,"column":7}}]},"4":{"type":"branch","line":17,"loc":{"start":{"line":17,"column":7},"end":{"line":25,"column":7}},"locations":[{"start":{"line":17,"column":7},"end":{"line":25,"column":7}}]},"5":{"type":"branch","line":17,"loc":{"start":{"line":17,"column":45},"end":{"line":19,"column":7}},"locations":[{"start":{"line":17,"column":45},"end":{"line":19,"column":7}}]},"6":{"type":"branch","line":19,"loc":{"start":{"line":19,"column":7},"end":{"line":25,"column":7}},"locations":[{"start":{"line":19,"column":7},"end":{"line":25,"column":7}}]},"7":{"type":"branch","line":19,"loc":{"start":{"line":19,"column":42},"end":{"line":19,"column":68}},"locations":[{"start":{"line":19,"column":42},"end":{"line":19,"column":68}}]},"8":{"type":"branch","line":19,"loc":{"start":{"line":19,"column":68},"end":{"line":19,"column":94}},"locations":[{"start":{"line":19,"column":68},"end":{"line":19,"column":94}}]},"9":{"type":"branch","line":19,"loc":{"start":{"line":19,"column":96},"end":{"line":21,"column":7}},"locations":[{"start":{"line":19,"column":96},"end":{"line":21,"column":7}}]},"10":{"type":"branch","line":21,"loc":{"start":{"line":21,"column":7},"end":{"line":25,"column":7}},"locations":[{"start":{"line":21,"column":7},"end":{"line":25,"column":7}}]},"11":{"type":"branch","line":21,"loc":{"start":{"line":21,"column":44},"end":{"line":23,"column":7}},"locations":[{"start":{"line":21,"column":44},"end":{"line":23,"column":7}}]},"12":{"type":"branch","line":23,"loc":{"start":{"line":23,"column":7},"end":{"line":25,"column":7}},"locations":[{"start":{"line":23,"column":7},"end":{"line":25,"column":7}}]}},"b":{"0":[12],"1":[60],"2":[216],"3":[60],"4":[156],"5":[24],"6":[132],"7":[96],"8":[60],"9":[48],"10":[84],"11":[48],"12":[36]},"fnMap":{"0":{"name":"default","decl":{"start":{"line":5,"column":15},"end":{"line":30,"column":2}},"loc":{"start":{"line":5,"column":15},"end":{"line":30,"column":2}},"line":5},"1":{"name":"genDiff","decl":{"start":{"line":9,"column":18},"end":{"line":28,"column":3}},"loc":{"start":{"line":9,"column":18},"end":{"line":28,"column":3}},"line":9}},"f":{"0":12,"1":60}}
,"/Users/pk/Source/frontend-project-46/src/parser.js": {"path":"/Users/pk/Source/frontend-project-46/src/parser.js","all":false,"statementMap":{"0":{"start":{"line":1,"column":0},"end":{"line":1,"column":34}},"1":{"start":{"line":2,"column":0},"end":{"line":2,"column":24}},"2":{"start":{"line":3,"column":0},"end":{"line":3,"column":27}},"3":{"start":{"line":4,"column":0},"end":{"line":4,"column":0}},"4":{"start":{"line":5,"column":0},"end":{"line":5,"column":32}},"5":{"start":{"line":6,"column":0},"end":{"line":6,"column":42}},"6":{"start":{"line":7,"column":0},"end":{"line":7,"column":0}},"7":{"start":{"line":8,"column":0},"end":{"line":8,"column":27}},"8":{"start":{"line":9,"column":0},"end":{"line":9,"column":57}},"9":{"start":{"line":10,"column":0},"end":{"line":10,"column":3}},"10":{"start":{"line":11,"column":0},"end":{"line":11,"column":54}},"11":{"start":{"line":12,"column":0},"end":{"line":12,"column":2}}},"s":{"0":1,"1":1,"2":1,"3":1,"4":1,"5":24,"6":24,"7":24,"8":8,"9":8,"10":16,"11":16},"branchMap":{"0":{"type":"branch","line":5,"loc":{"start":{"line":5,"column":16},"end":{"line":12,"column":2}},"locations":[{"start":{"line":5,"column":16},"end":{"line":12,"column":2}}]},"1":{"type":"branch","line":8,"loc":{"start":{"line":8,"column":26},"end":{"line":10,"column":3}},"locations":[{"start":{"line":8,"column":26},"end":{"line":10,"column":3}}]},"2":{"type":"branch","line":10,"loc":{"start":{"line":10,"column":2},"end":{"line":12,"column":2}},"locations":[{"start":{"line":10,"column":2},"end":{"line":12,"column":2}}]}},"b":{"0":[24],"1":[8],"2":[16]},"fnMap":{"0":{"name":"default","decl":{"start":{"line":5,"column":16},"end":{"line":12,"column":2}},"loc":{"start":{"line":5,"column":16},"end":{"line":12,"column":2}},"line":5}},"f":{"0":24}}
,"/Users/pk/Source/frontend-project-46/src/formatters/index.js": {"path":"/Users/pk/Source/frontend-project-46/src/formatters/index.js","all":false,"statementMap":{"0":{"start":{"line":1,"column":0},"end":{"line":1,"column":31}},"1":{"start":{"line":2,"column":0},"end":{"line":2,"column":35}},"2":{"start":{"line":3,"column":0},"end":{"line":3,"column":0}},"3":{"start":{"line":4,"column":0},"end":{"line":4,"column":38}},"4":{"start":{"line":5,"column":0},"end":{"line":5,"column":31}},"5":{"start":{"line":6,"column":0},"end":{"line":6,"column":23}},"6":{"start":{"line":7,"column":0},"end":{"line":7,"column":3}},"7":{"start":{"line":8,"column":0},"end":{"line":8,"column":23}},"8":{"start":{"line":9,"column":0},"end":{"line":9,"column":2}}},"s":{"0":1,"1":1,"2":1,"3":1,"4":12,"5":6,"6":6,"7":6,"8":6},"branchMap":{"0":{"type":"branch","line":4,"loc":{"start":{"line":4,"column":15},"end":{"line":9,"column":2}},"locations":[{"start":{"line":4,"column":15},"end":{"line":9,"column":2}}]},"1":{"type":"branch","line":5,"loc":{"start":{"line":5,"column":30},"end":{"line":9,"column":2}},"locations":[{"start":{"line":5,"column":30},"end":{"line":9,"column":2}}]}},"b":{"0":[12],"1":[6]},"fnMap":{"0":{"name":"default","decl":{"start":{"line":4,"column":15},"end":{"line":9,"column":2}},"loc":{"start":{"line":4,"column":15},"end":{"line":9,"column":2}},"line":4}},"f":{"0":12}}
,"/Users/pk/Source/frontend-project-46/src/formatters/plain.js": {"path":"/Users/pk/Source/frontend-project-46/src/formatters/plain.js","all":false,"statementMap":{"0":{"start":{"line":1,"column":0},"end":{"line":1,"column":23}},"1":{"start":{"line":2,"column":0},"end":{"line":2,"column":0}},"2":{"start":{"line":3,"column":0},"end":{"line":3,"column":28}},"3":{"start":{"line":4,"column":0},"end":{"line":4,"column":34}},"4":{"start":{"line":5,"column":0},"end":{"line":5,"column":24}},"5":{"start":{"line":6,"column":0},"end":{"line":6,"column":3}},"6":{"start":{"line":7,"column":0},"end":{"line":7,"column":35}},"7":{"start":{"line":8,"column":0},"end":{"line":8,"column":45}},"8":{"start":{"line":9,"column":0},"end":{"line":9,"column":3}},"9":{"start":{"line":10,"column":0},"end":{"line":10,"column":34}},"10":{"start":{"line":11,"column":0},"end":{"line":11,"column":22}},"11":{"start":{"line":12,"column":0},"end":{"line":12,"column":3}},"12":{"start":{"line":13,"column":0},"end":{"line":13,"column":23}},"13":{"start":{"line":14,"column":0},"end":{"line":14,"column":18}},"14":{"start":{"line":15,"column":0},"end":{"line":15,"column":3}},"15":{"start":{"line":16,"column":0},"end":{"line":16,"column":2}},"16":{"start":{"line":17,"column":0},"end":{"line":17,"column":0}},"17":{"start":{"line":18,"column":0},"end":{"line":18,"column":26}},"18":{"start":{"line":19,"column":0},"end":{"line":19,"column":50}},"19":{"start":{"line":20,"column":0},"end":{"line":20,"column":32}},"20":{"start":{"line":21,"column":0},"end":{"line":21,"column":30}},"21":{"start":{"line":22,"column":0},"end":{"line":22,"column":55}},"22":{"start":{"line":23,"column":0},"end":{"line":23,"column":50}},"23":{"start":{"line":24,"column":0},"end":{"line":24,"column":7}},"24":{"start":{"line":25,"column":0},"end":{"line":25,"column":65}},"25":{"start":{"line":26,"column":0},"end":{"line":26,"column":87}},"26":{"start":{"line":27,"column":0},"end":{"line":27,"column":7}},"27":{"start":{"line":28,"column":0},"end":{"line":28,"column":64}},"28":{"start":{"line":29,"column":0},"end":{"line":29,"column":81}},"29":{"start":{"line":30,"column":0},"end":{"line":30,"column":7}},"30":{"start":{"line":31,"column":0},"end":{"line":31,"column":41}},"31":{"start":{"line":32,"column":0},"end":{"line":32,"column":55}},"32":{"start":{"line":33,"column":0},"end":{"line":33,"column":7}},"33":{"start":{"line":34,"column":0},"end":{"line":34,"column":93}},"34":{"start":{"line":35,"column":0},"end":{"line":35,"column":96}},"35":{"start":{"line":36,"column":0},"end":{"line":36,"column":7}},"36":{"start":{"line":37,"column":0},"end":{"line":37,"column":94}},"37":{"start":{"line":38,"column":0},"end":{"line":38,"column":103}},"38":{"start":{"line":39,"column":0},"end":{"line":39,"column":7}},"39":{"start":{"line":40,"column":0},"end":{"line":40,"column":94}},"40":{"start":{"line":41,"column":0},"end":{"line":41,"column":103}},"41":{"start":{"line":42,"column":0},"end":{"line":42,"column":7}},"42":{"start":{"line":43,"column":0},"end":{"line":43,"column":41}},"43":{"start":{"line":44,"column":0},"end":{"line":44,"column":110}},"44":{"start":{"line":45,"column":0},"end":{"line":45,"column":7}},"45":{"start":{"line":46,"column":0},"end":{"line":46,"column":16}},"46":{"start":{"line":47,"column":0},"end":{"line":47,"column":18}},"47":{"start":{"line":48,"column":0},"end":{"line":48,"column":20}},"48":{"start":{"line":49,"column":0},"end":{"line":49,"column":2}}},"s":{"0":1,"1":1,"2":1,"3":60,"4":42,"5":42,"6":60,"7":12,"8":12,"9":60,"10":0,"11":0,"12":6,"13":6,"14":6,"15":60,"16":1,"17":1,"18":6,"19":30,"20":30,"21":108,"22":24,"23":24,"24":108,"25":18,"26":18,"27":108,"28":12,"29":12,"30":108,"31":12,"32":12,"33":108,"34":0,"35":0,"36":108,"37":0,"38":0,"39":108,"40":6,"41":6,"42":108,"43":18,"44":18,"45":18,"46":6,"47":6,"48":6},"branchMap":{"0":{"type":"branch","line":3,"loc":{"start":{"line":3,"column":17},"end":{"line":16,"column":2}},"locations":[{"start":{"line":3,"column":17},"end":{"line":16,"column":2}}]},"1":{"type":"branch","line":4,"loc":{"start":{"line":4,"column":33},"end":{"line":6,"column":3}},"locations":[{"start":{"line":4,"column":33},"end":{"line":6,"column":3}}]},"2":{"type":"branch","line":6,"loc":{"start":{"line":6,"column":2},"end":{"line":7,"column":34}},"locations":[{"start":{"line":6,"column":2},"end":{"line":7,"column":34}}]},"3":{"type":"branch","line":7,"loc":{"start":{"line":7,"column":34},"end":{"line":9,"column":3}},"locations":[{"start":{"line":7,"column":34},"end":{"line":9,"column":3}}]},"4":{"type":"branch","line":8,"loc":{"start":{"line":8,"column":25},"end":{"line":8,"column":34}},"locations":[{"start":{"line":8,"column":25},"end":{"line":8,"column":34}}]},"5":{"type":"branch","line":8,"loc":{"start":{"line":8,"column":34},"end":{"line":8,"column":44}},"locations":[{"start":{"line":8,"column":34},"end":{"line":8,"column":44}}]},"6":{"type":"branch","line":9,"loc":{"start":{"line":9,"column":2},"end":{"line":10,"column":33}},"locations":[{"start":{"line":9,"column":2},"end":{"line":10,"column":33}}]},"7":{"type":"branch","line":10,"loc":{"start":{"line":10,"column":33},"end":{"line":12,"column":3}},"locations":[{"start":{"line":10,"column":33},"end":{"line":12,"column":3}}]},"8":{"type":"branch","line":12,"loc":{"start":{"line":12,"column":2},"end":{"line":15,"column":3}},"locations":[{"start":{"line":12,"column":2},"end":{"line":15,"column":3}}]},"9":{"type":"branch","line":18,"loc":{"start":{"line":18,"column":16},"end":{"line":49,"column":2}},"locations":[{"start":{"line":18,"column":16},"end":{"line":49,"column":2}}]},"10":{"type":"branch","line":19,"loc":{"start":{"line":19,"column":15},"end":{"line":47,"column":17}},"locations":[{"start":{"line":19,"column":15},"end":{"line":47,"column":17}}]},"11":{"type":"branch","line":21,"loc":{"start":{"line":21,"column":13},"end":{"line":47,"column":5}},"locations":[{"start":{"line":21,"column":13},"end":{"line":47,"column":5}}]},"12":{"type":"branch","line":22,"loc":{"start":{"line":22,"column":54},"end":{"line":24,"column":7}},"locations":[{"start":{"line":22,"column":54},"end":{"line":24,"column":7}}]},"13":{"type":"branch","line":24,"loc":{"start":{"line":24,"column":6},"end":{"line":25,"column":40}},"locations":[{"start":{"line":24,"column":6},"end":{"line":25,"column":40}}]},"14":{"type":"branch","line":25,"loc":{"start":{"line":25,"column":36},"end":{"line":25,"column":62}},"locations":[{"start":{"line":25,"column":36},"end":{"line":25,"column":62}}]},"15":{"type":"branch","line":25,"loc":{"start":{"line":25,"column":64},"end":{"line":27,"column":7}},"locations":[{"start":{"line":25,"column":64},"end":{"line":27,"column":7}}]},"16":{"type":"branch","line":27,"loc":{"start":{"line":27,"column":6},"end":{"line":28,"column":40}},"locations":[{"start":{"line":27,"column":6},"end":{"line":28,"column":40}}]},"17":{"type":"branch","line":28,"loc":{"start":{"line":28,"column":36},"end":{"line":28,"column":61}},"locations":[{"start":{"line":28,"column":36},"end":{"line":28,"column":61}}]},"18":{"type":"branch","line":28,"loc":{"start":{"line":28,"column":63},"end":{"line":30,"column":7}},"locations":[{"start":{"line":28,"column":63},"end":{"line":30,"column":7}}]},"19":{"type":"branch","line":30,"loc":{"start":{"line":30,"column":6},"end":{"line":31,"column":40}},"locations":[{"start":{"line":30,"column":6},"end":{"line":31,"column":40}}]},"20":{"type":"branch","line":31,"loc":{"start":{"line":31,"column":40},"end":{"line":33,"column":7}},"locations":[{"start":{"line":31,"column":40},"end":{"line":33,"column":7}}]},"21":{"type":"branch","line":33,"loc":{"start":{"line":33,"column":6},"end":{"line":34,"column":42}},"locations":[{"start":{"line":33,"column":6},"end":{"line":34,"column":42}}]},"22":{"type":"branch","line":34,"loc":{"start":{"line":34,"column":38},"end":{"line":34,"column":64}},"locations":[{"start":{"line":34,"column":38},"end":{"line":34,"column":64}}]},"23":{"type":"branch","line":34,"loc":{"start":{"line":34,"column":64},"end":{"line":34,"column":90}},"locations":[{"start":{"line":34,"column":64},"end":{"line":34,"column":90}}]},"24":{"type":"branch","line":34,"loc":{"start":{"line":34,"column":92},"end":{"line":36,"column":7}},"locations":[{"start":{"line":34,"column":92},"end":{"line":36,"column":7}}]},"25":{"type":"branch","line":36,"loc":{"start":{"line":36,"column":6},"end":{"line":37,"column":42}},"locations":[{"start":{"line":36,"column":6},"end":{"line":37,"column":42}}]},"26":{"type":"branch","line":37,"loc":{"start":{"line":37,"column":38},"end":{"line":37,"column":65}},"locations":[{"start":{"line":37,"column":38},"end":{"line":37,"column":65}}]},"27":{"type":"branch","line":37,"loc":{"start":{"line":37,"column":65},"end":{"line":37,"column":91}},"locations":[{"start":{"line":37,"column":65},"end":{"line":37,"column":91}}]},"28":{"type":"branch","line":37,"loc":{"start":{"line":37,"column":93},"end":{"line":39,"column":7}},"locations":[{"start":{"line":37,"column":93},"end":{"line":39,"column":7}}]},"29":{"type":"branch","line":39,"loc":{"start":{"line":39,"column":6},"end":{"line":40,"column":42}},"locations":[{"start":{"line":39,"column":6},"end":{"line":40,"column":42}}]},"30":{"type":"branch","line":40,"loc":{"start":{"line":40,"column":38},"end":{"line":40,"column":64}},"locations":[{"start":{"line":40,"column":38},"end":{"line":40,"column":64}}]},"31":{"type":"branch","line":40,"loc":{"start":{"line":40,"column":64},"end":{"line":40,"column":91}},"locations":[{"start":{"line":40,"column":64},"end":{"line":40,"column":91}}]},"32":{"type":"branch","line":40,"loc":{"start":{"line":40,"column":93},"end":{"line":42,"column":7}},"locations":[{"start":{"line":40,"column":93},"end":{"line":42,"column":7}}]},"33":{"type":"branch","line":42,"loc":{"start":{"line":42,"column":6},"end":{"line":43,"column":40}},"locations":[{"start":{"line":42,"column":6},"end":{"line":43,"column":40}}]},"34":{"type":"branch","line":43,"loc":{"start":{"line":43,"column":40},"end":{"line":47,"column":5}},"locations":[{"start":{"line":43,"column":40},"end":{"line":47,"column":5}}]}},"b":{"0":[60],"1":[42],"2":[18],"3":[12],"4":[6],"5":[6],"6":[6],"7":[0],"8":[6],"9":[6],"10":[30],"11":[108],"12":[24],"13":[84],"14":[30],"15":[18],"16":[66],"17":[12],"18":[12],"19":[54],"20":[12],"21":[42],"22":[24],"23":[6],"24":[0],"25":[42],"26":[24],"27":[18],"28":[0],"29":[42],"30":[24],"31":[6],"32":[6],"33":[36],"34":[18]},"fnMap":{"0":{"name":"valType","decl":{"start":{"line":3,"column":17},"end":{"line":16,"column":2}},"loc":{"start":{"line":3,"column":17},"end":{"line":16,"column":2}},"line":3},"1":{"name":"default","decl":{"start":{"line":18,"column":16},"end":{"line":49,"column":2}},"loc":{"start":{"line":18,"column":16},"end":{"line":49,"column":2}},"line":18},"2":{"name":"iter","decl":{"start":{"line":19,"column":15},"end":{"line":47,"column":17}},"loc":{"start":{"line":19,"column":15},"end":{"line":47,"column":17}},"line":19}},"f":{"0":60,"1":6,"2":30}}
,"/Users/pk/Source/frontend-project-46/src/formatters/stylish.js": {"path":"/Users/pk/Source/frontend-project-46/src/formatters/stylish.js","all":false,"statementMap":{"0":{"start":{"line":1,"column":0},"end":{"line":1,"column":23}},"1":{"start":{"line":2,"column":0},"end":{"line":2,"column":0}},"2":{"start":{"line":3,"column":0},"end":{"line":3,"column":26}},"3":{"start":{"line":4,"column":0},"end":{"line":4,"column":41}},"4":{"start":{"line":5,"column":0},"end":{"line":5,"column":25}},"5":{"start":{"line":6,"column":0},"end":{"line":6,"column":26}},"6":{"start":{"line":7,"column":0},"end":{"line":7,"column":43}},"7":{"start":{"line":8,"column":0},"end":{"line":8,"column":54}},"8":{"start":{"line":9,"column":0},"end":{"line":9,"column":68}},"9":{"start":{"line":10,"column":0},"end":{"line":10,"column":0}},"10":{"start":{"line":11,"column":0},"end":{"line":11,"column":24}},"11":{"start":{"line":12,"column":0},"end":{"line":12,"column":35}},"12":{"start":{"line":13,"column":0},"end":{"line":13,"column":28}},"13":{"start":{"line":14,"column":0},"end":{"line":14,"column":57}},"14":{"start":{"line":15,"column":0},"end":{"line":15,"column":75}},"15":{"start":{"line":16,"column":0},"end":{"line":16,"column":9}},"16":{"start":{"line":17,"column":0},"end":{"line":17,"column":97}},"17":{"start":{"line":18,"column":0},"end":{"line":18,"column":100}},"18":{"start":{"line":19,"column":0},"end":{"line":19,"column":9}},"19":{"start":{"line":20,"column":0},"end":{"line":20,"column":96}},"20":{"start":{"line":21,"column":0},"end":{"line":21,"column":117}},"21":{"start":{"line":22,"column":0},"end":{"line":22,"column":9}},"22":{"start":{"line":23,"column":0},"end":{"line":23,"column":96}},"23":{"start":{"line":24,"column":0},"end":{"line":24,"column":117}},"24":{"start":{"line":25,"column":0},"end":{"line":25,"column":9}},"25":{"start":{"line":26,"column":0},"end":{"line":26,"column":67}},"26":{"start":{"line":27,"column":0},"end":{"line":27,"column":58}},"27":{"start":{"line":28,"column":0},"end":{"line":28,"column":9}},"28":{"start":{"line":29,"column":0},"end":{"line":29,"column":66}},"29":{"start":{"line":30,"column":0},"end":{"line":30,"column":75}},"30":{"start":{"line":31,"column":0},"end":{"line":31,"column":9}},"31":{"start":{"line":32,"column":0},"end":{"line":32,"column":69}},"32":{"start":{"line":33,"column":0},"end":{"line":33,"column":58}},"33":{"start":{"line":34,"column":0},"end":{"line":34,"column":9}},"34":{"start":{"line":35,"column":0},"end":{"line":35,"column":68}},"35":{"start":{"line":36,"column":0},"end":{"line":36,"column":75}},"36":{"start":{"line":37,"column":0},"end":{"line":37,"column":9}},"37":{"start":{"line":38,"column":0},"end":{"line":38,"column":45}},"38":{"start":{"line":39,"column":0},"end":{"line":39,"column":58}},"39":{"start":{"line":40,"column":0},"end":{"line":40,"column":9}},"40":{"start":{"line":41,"column":0},"end":{"line":41,"column":30}},"41":{"start":{"line":42,"column":0},"end":{"line":42,"column":69}},"42":{"start":{"line":43,"column":0},"end":{"line":43,"column":9}},"43":{"start":{"line":44,"column":0},"end":{"line":44,"column":50}},"44":{"start":{"line":45,"column":0},"end":{"line":45,"column":9}},"45":{"start":{"line":46,"column":0},"end":{"line":46,"column":12}},"46":{"start":{"line":47,"column":0},"end":{"line":47,"column":10}},"47":{"start":{"line":48,"column":0},"end":{"line":48,"column":15}},"48":{"start":{"line":49,"column":0},"end":{"line":49,"column":26}},"49":{"start":{"line":50,"column":0},"end":{"line":50,"column":17}},"50":{"start":{"line":51,"column":0},"end":{"line":51,"column":4}},"51":{"start":{"line":52,"column":0},"end":{"line":52,"column":0}},"52":{"start":{"line":53,"column":0},"end":{"line":53,"column":23}},"53":{"start":{"line":54,"column":0},"end":{"line":54,"column":2}}},"s":{"0":1,"1":1,"2":1,"3":6,"4":72,"5":72,"6":72,"7":72,"8":72,"9":72,"10":72,"11":72,"12":72,"13":162,"14":24,"15":24,"16":162,"17":18,"18":18,"19":162,"20":0,"21":0,"22":162,"23":6,"24":6,"25":162,"26":18,"27":18,"28":162,"29":12,"30":12,"31":162,"32":6,"33":6,"34":162,"35":6,"36":6,"37":162,"38":18,"39":18,"40":162,"41":18,"42":18,"43":36,"44":72,"45":72,"46":72,"47":72,"48":72,"49":72,"50":6,"51":6,"52":6,"53":6},"branchMap":{"0":{"type":"branch","line":3,"loc":{"start":{"line":3,"column":16},"end":{"line":54,"column":2}},"locations":[{"start":{"line":3,"column":16},"end":{"line":54,"column":2}}]},"1":{"type":"branch","line":4,"loc":{"start":{"line":4,"column":15},"end":{"line":51,"column":3}},"locations":[{"start":{"line":4,"column":15},"end":{"line":51,"column":3}}]},"2":{"type":"branch","line":13,"loc":{"start":{"line":13,"column":11},"end":{"line":45,"column":7}},"locations":[{"start":{"line":13,"column":11},"end":{"line":45,"column":7}}]},"3":{"type":"branch","line":14,"loc":{"start":{"line":14,"column":56},"end":{"line":16,"column":9}},"locations":[{"start":{"line":14,"column":56},"end":{"line":16,"column":9}}]},"4":{"type":"branch","line":16,"loc":{"start":{"line":16,"column":8},"end":{"line":17,"column":44}},"locations":[{"start":{"line":16,"column":8},"end":{"line":17,"column":44}}]},"5":{"type":"branch","line":17,"loc":{"start":{"line":17,"column":40},"end":{"line":17,"column":67}},"locations":[{"start":{"line":17,"column":40},"end":{"line":17,"column":67}}]},"6":{"type":"branch","line":17,"loc":{"start":{"line":17,"column":67},"end":{"line":17,"column":94}},"locations":[{"start":{"line":17,"column":67},"end":{"line":17,"column":94}}]},"7":{"type":"branch","line":17,"loc":{"start":{"line":17,"column":96},"end":{"line":19,"column":9}},"locations":[{"start":{"line":17,"column":96},"end":{"line":19,"column":9}}]},"8":{"type":"branch","line":19,"loc":{"start":{"line":19,"column":8},"end":{"line":20,"column":44}},"locations":[{"start":{"line":19,"column":8},"end":{"line":20,"column":44}}]},"9":{"type":"branch","line":20,"loc":{"start":{"line":20,"column":40},"end":{"line":20,"column":67}},"locations":[{"start":{"line":20,"column":40},"end":{"line":20,"column":67}}]},"10":{"type":"branch","line":20,"loc":{"start":{"line":20,"column":67},"end":{"line":20,"column":93}},"locations":[{"start":{"line":20,"column":67},"end":{"line":20,"column":93}}]},"11":{"type":"branch","line":20,"loc":{"start":{"line":20,"column":95},"end":{"line":22,"column":9}},"locations":[{"start":{"line":20,"column":95},"end":{"line":22,"column":9}}]},"12":{"type":"branch","line":22,"loc":{"start":{"line":22,"column":8},"end":{"line":23,"column":44}},"locations":[{"start":{"line":22,"column":8},"end":{"line":23,"column":44}}]},"13":{"type":"branch","line":23,"loc":{"start":{"line":23,"column":40},"end":{"line":23,"column":66}},"locations":[{"start":{"line":23,"column":40},"end":{"line":23,"column":66}}]},"14":{"type":"branch","line":23,"loc":{"start":{"line":23,"column":66},"end":{"line":23,"column":93}},"locations":[{"start":{"line":23,"column":66},"end":{"line":23,"column":93}}]},"15":{"type":"branch","line":23,"loc":{"start":{"line":23,"column":95},"end":{"line":25,"column":9}},"locations":[{"start":{"line":23,"column":95},"end":{"line":25,"column":9}}]},"16":{"type":"branch","line":25,"loc":{"start":{"line":25,"column":8},"end":{"line":26,"column":42}},"locations":[{"start":{"line":25,"column":8},"end":{"line":26,"column":42}}]},"17":{"type":"branch","line":26,"loc":{"start":{"line":26,"column":38},"end":{"line":26,"column":64}},"locations":[{"start":{"line":26,"column":38},"end":{"line":26,"column":64}}]},"18":{"type":"branch","line":26,"loc":{"start":{"line":26,"column":66},"end":{"line":28,"column":9}},"locations":[{"start":{"line":26,"column":66},"end":{"line":28,"column":9}}]},"19":{"type":"branch","line":28,"loc":{"start":{"line":28,"column":8},"end":{"line":29,"column":42}},"locations":[{"start":{"line":28,"column":8},"end":{"line":29,"column":42}}]},"20":{"type":"branch","line":29,"loc":{"start":{"line":29,"column":38},"end":{"line":29,"column":63}},"locations":[{"start":{"line":29,"column":38},"end":{"line":29,"column":63}}]},"21":{"type":"branch","line":29,"loc":{"start":{"line":29,"column":65},"end":{"line":31,"column":9}},"locations":[{"start":{"line":29,"column":65},"end":{"line":31,"column":9}}]},"22":{"type":"branch","line":31,"loc":{"start":{"line":31,"column":8},"end":{"line":32,"column":44}},"locations":[{"start":{"line":31,"column":8},"end":{"line":32,"column":44}}]},"23":{"type":"branch","line":32,"loc":{"start":{"line":32,"column":40},"end":{"line":32,"column":66}},"locations":[{"start":{"line":32,"column":40},"end":{"line":32,"column":66}}]},"24":{"type":"branch","line":32,"loc":{"start":{"line":32,"column":68},"end":{"line":34,"column":9}},"locations":[{"start":{"line":32,"column":68},"end":{"line":34,"column":9}}]},"25":{"type":"branch","line":34,"loc":{"start":{"line":34,"column":8},"end":{"line":35,"column":44}},"locations":[{"start":{"line":34,"column":8},"end":{"line":35,"column":44}}]},"26":{"type":"branch","line":35,"loc":{"start":{"line":35,"column":40},"end":{"line":35,"column":65}},"locations":[{"start":{"line":35,"column":40},"end":{"line":35,"column":65}}]},"27":{"type":"branch","line":35,"loc":{"start":{"line":35,"column":67},"end":{"line":37,"column":9}},"locations":[{"start":{"line":35,"column":67},"end":{"line":37,"column":9}}]},"28":{"type":"branch","line":37,"loc":{"start":{"line":37,"column":8},"end":{"line":38,"column":44}},"locations":[{"start":{"line":37,"column":8},"end":{"line":38,"column":44}}]},"29":{"type":"branch","line":38,"loc":{"start":{"line":38,"column":44},"end":{"line":40,"column":9}},"locations":[{"start":{"line":38,"column":44},"end":{"line":40,"column":9}}]},"30":{"type":"branch","line":40,"loc":{"start":{"line":40,"column":8},"end":{"line":41,"column":29}},"locations":[{"start":{"line":40,"column":8},"end":{"line":41,"column":29}}]},"31":{"type":"branch","line":41,"loc":{"start":{"line":41,"column":29},"end":{"line":43,"column":9}},"locations":[{"start":{"line":41,"column":29},"end":{"line":43,"column":9}}]},"32":{"type":"branch","line":43,"loc":{"start":{"line":43,"column":8},"end":{"line":45,"column":7}},"locations":[{"start":{"line":43,"column":8},"end":{"line":45,"column":7}}]}},"b":{"0":[6],"1":[72],"2":[162],"3":[24],"4":[138],"5":[24],"6":[18],"7":[18],"8":[120],"9":[6],"10":[0],"11":[0],"12":[120],"13":[6],"14":[6],"15":[6],"16":[114],"17":[30],"18":[18],"19":[96],"20":[12],"21":[12],"22":[84],"23":[12],"24":[6],"25":[78],"26":[6],"27":[6],"28":[72],"29":[18],"30":[54],"31":[18],"32":[36]},"fnMap":{"0":{"name":"default","decl":{"start":{"line":3,"column":16},"end":{"line":54,"column":2}},"loc":{"start":{"line":3,"column":16},"end":{"line":54,"column":2}},"line":3},"1":{"name":"iter","decl":{"start":{"line":4,"column":15},"end":{"line":51,"column":3}},"loc":{"start":{"line":4,"column":15},"end":{"line":51,"column":3}},"line":4}},"f":{"0":6,"1":72}}
}
