TN:
SF:src/index.js
FN:5,default
FN:9,genDiff
FNF:2
FNH:2
FNDA:12,default
FNDA:60,genDiff
DA:1,1
DA:2,1
DA:3,1
DA:4,1
DA:5,1
DA:6,12
DA:7,12
DA:8,12
DA:9,12
DA:10,60
DA:11,60
DA:12,60
DA:13,60
DA:14,60
DA:15,216
DA:16,60
DA:17,216
DA:18,24
DA:19,156
DA:20,48
DA:21,132
DA:22,48
DA:23,84
DA:24,36
DA:25,36
DA:26,216
DA:27,60
DA:28,12
DA:29,12
DA:30,12
LF:30
LH:30
BRDA:5,0,0,12
BRDA:9,1,0,60
BRDA:14,2,0,216
BRDA:15,3,0,60
BRDA:17,4,0,156
BRDA:17,5,0,24
BRDA:19,6,0,132
BRDA:19,7,0,96
BRDA:19,8,0,60
BRDA:19,9,0,48
BRDA:21,10,0,84
BRDA:21,11,0,48
BRDA:23,12,0,36
BRF:13
BRH:13
end_of_record
TN:
SF:src/parser.js
FN:5,default
FNF:1
FNH:1
FNDA:24,default
DA:1,1
DA:2,1
DA:3,1
DA:4,1
DA:5,1
DA:6,24
DA:7,24
DA:8,24
DA:9,8
DA:10,8
DA:11,16
DA:12,16
LF:12
LH:12
BRDA:5,0,0,24
BRDA:8,1,0,8
BRDA:10,2,0,16
BRF:3
BRH:3
end_of_record
TN:
SF:src/formatters/index.js
FN:4,default
FNF:1
FNH:1
FNDA:12,default
DA:1,1
DA:2,1
DA:3,1
DA:4,1
DA:5,12
DA:6,6
DA:7,6
DA:8,6
DA:9,6
LF:9
LH:9
BRDA:4,0,0,12
BRDA:5,1,0,6
BRF:2
BRH:2
end_of_record
TN:
SF:src/formatters/plain.js
FN:3,valType
FN:18,default
FN:19,iter
FNF:3
FNH:3
FNDA:60,valType
FNDA:6,default
FNDA:30,iter
DA:1,1
DA:2,1
DA:3,1
DA:4,60
DA:5,42
DA:6,42
DA:7,60
DA:8,12
DA:9,12
DA:10,60
DA:11,0
DA:12,0
DA:13,6
DA:14,6
DA:15,6
DA:16,60
DA:17,1
DA:18,1
DA:19,6
DA:20,30
DA:21,30
DA:22,108
DA:23,24
DA:24,24
DA:25,108
DA:26,18
DA:27,18
DA:28,108
DA:29,12
DA:30,12
DA:31,108
DA:32,12
DA:33,12
DA:34,108
DA:35,0
DA:36,0
DA:37,108
DA:38,0
DA:39,0
DA:40,108
DA:41,6
DA:42,6
DA:43,108
DA:44,18
DA:45,18
DA:46,18
DA:47,6
DA:48,6
DA:49,6
LF:49
LH:43
BRDA:3,0,0,60
BRDA:4,1,0,42
BRDA:6,2,0,18
BRDA:7,3,0,12
BRDA:8,4,0,6
BRDA:8,5,0,6
BRDA:9,6,0,6
BRDA:10,7,0,0
BRDA:12,8,0,6
BRDA:18,9,0,6
BRDA:19,10,0,30
BRDA:21,11,0,108
BRDA:22,12,0,24
BRDA:24,13,0,84
BRDA:25,14,0,30
BRDA:25,15,0,18
BRDA:27,16,0,66
BRDA:28,17,0,12
BRDA:28,18,0,12
BRDA:30,19,0,54
BRDA:31,20,0,12
BRDA:33,21,0,42
BRDA:34,22,0,24
BRDA:34,23,0,6
BRDA:34,24,0,0
BRDA:36,25,0,42
BRDA:37,26,0,24
BRDA:37,27,0,18
BRDA:37,28,0,0
BRDA:39,29,0,42
BRDA:40,30,0,24
BRDA:40,31,0,6
BRDA:40,32,0,6
BRDA:42,33,0,36
BRDA:43,34,0,18
BRF:35
BRH:32
end_of_record
TN:
SF:src/formatters/stylish.js
FN:3,default
FN:4,iter
FNF:2
FNH:2
FNDA:6,default
FNDA:72,iter
DA:1,1
DA:2,1
DA:3,1
DA:4,6
DA:5,72
DA:6,72
DA:7,72
DA:8,72
DA:9,72
DA:10,72
DA:11,72
DA:12,72
DA:13,72
DA:14,162
DA:15,24
DA:16,24
DA:17,162
DA:18,18
DA:19,18
DA:20,162
DA:21,0
DA:22,0
DA:23,162
DA:24,6
DA:25,6
DA:26,162
DA:27,18
DA:28,18
DA:29,162
DA:30,12
DA:31,12
DA:32,162
DA:33,6
DA:34,6
DA:35,162
DA:36,6
DA:37,6
DA:38,162
DA:39,18
DA:40,18
DA:41,162
DA:42,18
DA:43,18
DA:44,36
DA:45,72
DA:46,72
DA:47,72
DA:48,72
DA:49,72
DA:50,72
DA:51,6
DA:52,6
DA:53,6
DA:54,6
LF:54
LH:52
BRDA:3,0,0,6
BRDA:4,1,0,72
BRDA:13,2,0,162
BRDA:14,3,0,24
BRDA:16,4,0,138
BRDA:17,5,0,24
BRDA:17,6,0,18
BRDA:17,7,0,18
BRDA:19,8,0,120
BRDA:20,9,0,6
BRDA:20,10,0,0
BRDA:20,11,0,0
BRDA:22,12,0,120
BRDA:23,13,0,6
BRDA:23,14,0,6
BRDA:23,15,0,6
BRDA:25,16,0,114
BRDA:26,17,0,30
BRDA:26,18,0,18
BRDA:28,19,0,96
BRDA:29,20,0,12
BRDA:29,21,0,12
BRDA:31,22,0,84
BRDA:32,23,0,12
BRDA:32,24,0,6
BRDA:34,25,0,78
BRDA:35,26,0,6
BRDA:35,27,0,6
BRDA:37,28,0,72
BRDA:38,29,0,18
BRDA:40,30,0,54
BRDA:41,31,0,18
BRDA:43,32,0,36
BRF:33
BRH:31
end_of_record
