TN:
SF:src/index.js
FN:5,default
FN:9,genDiff
FNF:2
FNH:2
FNDA:18,default
FNDA:90,genDiff
DA:1,1
DA:2,1
DA:3,1
DA:4,1
DA:5,1
DA:6,18
DA:7,18
DA:8,18
DA:9,18
DA:10,90
DA:11,90
DA:12,90
DA:13,90
DA:14,90
DA:15,324
DA:16,90
DA:17,324
DA:18,36
DA:19,324
DA:20,72
DA:21,324
DA:22,72
DA:23,72
DA:24,54
DA:25,90
DA:26,90
DA:27,18
DA:28,18
DA:29,18
LF:29
LH:29
BRDA:5,0,0,18
BRDA:9,1,0,90
BRDA:14,2,0,324
BRDA:15,3,0,90
BRDA:17,4,0,234
BRDA:17,5,0,36
BRDA:19,6,0,198
BRDA:19,7,0,144
BRDA:19,8,0,90
BRDA:19,9,0,72
BRDA:21,10,0,126
BRDA:21,11,0,72
BRDA:23,12,0,54
BRF:13
BRH:13
end_of_record
TN:
SF:src/parser.js
FN:5,default
FNF:1
FNH:1
FNDA:36,default
DA:1,1
DA:2,1
DA:3,1
DA:4,1
DA:5,1
DA:6,36
DA:7,36
DA:8,36
DA:9,12
DA:10,12
DA:11,24
DA:12,24
LF:12
LH:12
BRDA:5,0,0,36
BRDA:8,1,0,12
BRDA:10,2,0,24
BRF:3
BRH:3
end_of_record
TN:
SF:src/formatters/index.js
FN:5,default
FNF:1
FNH:1
FNDA:18,default
DA:1,1
DA:2,1
DA:3,1
DA:4,1
DA:5,1
DA:6,18
DA:7,6
DA:8,6
DA:9,18
DA:10,6
DA:11,6
DA:12,6
DA:13,6
DA:14,6
DA:15,0
DA:16,0
LF:16
LH:14
BRDA:5,0,0,18
BRDA:6,1,0,6
BRDA:8,2,0,12
BRDA:9,3,0,6
BRDA:14,4,0,0
BRF:5
BRH:4
end_of_record
TN:
SF:src/formatters/json.js
FN:1,default
FNF:1
FNH:1
FNDA:6,default
DA:1,1
LF:1
LH:1
BRDA:1,0,0,6
BRF:1
BRH:1
end_of_record
TN:
SF:src/formatters/plain.js
FN:3,helper
FN:16,default
FN:17,iter
FNF:3
FNH:3
FNDA:60,helper
FNDA:6,default
FNDA:30,iter
DA:1,1
DA:2,1
DA:3,1
DA:4,60
DA:5,42
DA:6,42
DA:7,60
DA:8,12
DA:9,12
DA:10,6
DA:11,6
DA:12,6
DA:13,0
DA:14,0
DA:15,1
DA:16,1
DA:17,6
DA:18,30
DA:19,30
DA:20,108
DA:21,24
DA:22,24
DA:23,108
DA:24,18
DA:25,18
DA:26,108
DA:27,12
DA:28,12
DA:29,108
DA:30,12
DA:31,12
DA:32,108
DA:33,0
DA:34,0
DA:35,108
DA:36,0
DA:37,0
DA:38,108
DA:39,6
DA:40,6
DA:41,108
DA:42,18
DA:43,18
DA:44,18
DA:45,6
DA:46,6
DA:47,6
LF:47
LH:41
BRDA:3,0,0,60
BRDA:4,1,0,42
BRDA:6,2,0,18
BRDA:7,3,0,12
BRDA:8,4,0,6
BRDA:8,5,0,6
BRDA:9,6,0,6
BRDA:12,7,0,0
BRDA:16,8,0,6
BRDA:17,9,0,30
BRDA:19,10,0,108
BRDA:20,11,0,24
BRDA:22,12,0,84
BRDA:23,13,0,30
BRDA:23,14,0,18
BRDA:25,15,0,66
BRDA:26,16,0,12
BRDA:26,17,0,12
BRDA:28,18,0,54
BRDA:29,19,0,12
BRDA:31,20,0,42
BRDA:32,21,0,24
BRDA:32,22,0,6
BRDA:32,23,0,0
BRDA:34,24,0,42
BRDA:35,25,0,24
BRDA:35,26,0,18
BRDA:35,27,0,0
BRDA:37,28,0,42
BRDA:38,29,0,24
BRDA:38,30,0,6
BRDA:38,31,0,6
BRDA:40,32,0,36
BRDA:41,33,0,18
BRF:34
BRH:31
end_of_record
TN:
SF:src/formatters/stylish.js
FN:3,default
FN:4,iter
FNF:2
FNH:2
FNDA:6,default
FNDA:72,iter
DA:1,1
DA:2,1
DA:3,1
DA:4,6
DA:5,72
DA:6,72
DA:7,72
DA:8,72
DA:9,72
DA:10,72
DA:11,72
DA:12,72
DA:13,162
DA:14,24
DA:15,24
DA:16,162
DA:17,18
DA:18,18
DA:19,162
DA:20,0
DA:21,0
DA:22,162
DA:23,6
DA:24,6
DA:25,162
DA:26,18
DA:27,18
DA:28,162
DA:29,12
DA:30,12
DA:31,162
DA:32,6
DA:33,6
DA:34,162
DA:35,6
DA:36,6
DA:37,162
DA:38,18
DA:39,18
DA:40,162
DA:41,18
DA:42,18
DA:43,36
DA:44,72
DA:45,72
DA:46,72
DA:47,72
DA:48,72
DA:49,72
DA:50,6
DA:51,6
DA:52,6
DA:53,6
LF:53
LH:51
BRDA:3,0,0,6
BRDA:4,1,0,72
BRDA:12,2,0,162
BRDA:13,3,0,24
BRDA:15,4,0,138
BRDA:16,5,0,24
BRDA:16,6,0,18
BRDA:16,7,0,18
BRDA:18,8,0,120
BRDA:19,9,0,6
BRDA:19,10,0,0
BRDA:19,11,0,0
BRDA:21,12,0,120
BRDA:22,13,0,6
BRDA:22,14,0,6
BRDA:22,15,0,6
BRDA:24,16,0,114
BRDA:25,17,0,30
BRDA:25,18,0,18
BRDA:27,19,0,96
BRDA:28,20,0,12
BRDA:28,21,0,12
BRDA:30,22,0,84
BRDA:31,23,0,12
BRDA:31,24,0,6
BRDA:33,25,0,78
BRDA:34,26,0,6
BRDA:34,27,0,6
BRDA:36,28,0,72
BRDA:37,29,0,18
BRDA:39,30,0,54
BRDA:40,31,0,18
BRDA:42,32,0,36
BRF:33
BRH:31
end_of_record
